<?xml version="1.0" encoding="UTF-8"?>
<testsuite xmlns:xsi="http://www.w3.org/2001/XMLSchema-instance" xsi:noNamespaceSchemaLocation="https://maven.apache.org/surefire/maven-surefire-plugin/xsd/surefire-test-report-3.0.xsd" version="3.0" name="TestSuite" time="149.918" tests="14" errors="0" skipped="0" failures="2">
  <properties>
[...]
</properties>
  <testcase name="navigateToRegisterPage" classname="com.buggy.rating.automate.BuggyCarsRatingRegisterTest" time="0.234">
    <system-out><![CDATA[[INFO ] 2022-03-30 04:47:13,897 io.github.bonigarcia.wdm.WebDriverManager:1093 - Using chromedriver 99.0.4844.51 (resolved driver for Chrome 99)
[INFO ] 2022-03-30 04:47:13,930 io.github.bonigarcia.wdm.WebDriverManager:1148 - Exporting webdriver.chrome.driver as /Users/dharshana/.cache/selenium/chromedriver/mac64/99.0.4844.51/chromedriver
[INFO ] 2022-03-30 04:47:25,931 io.github.bonigarcia.wdm.WebDriverManager:1093 - Using chromedriver 99.0.4844.51 (resolved driver for Chrome 99)
[INFO ] 2022-03-30 04:47:25,970 io.github.bonigarcia.wdm.WebDriverManager:1148 - Exporting webdriver.chrome.driver as /Users/dharshana/.cache/selenium/chromedriver/mac64/99.0.4844.51/chromedriver
]]></system-out>
    <system-err><![CDATA[Starting ChromeDriver 99.0.4844.51 (d537ec02474b5afe23684e7963d538896c63ac77-refs/branch-heads/4844@{#875}) on port 49191
Only local connections are allowed.
Please see https://chromedriver.chromium.org/security-considerations for suggestions on keeping ChromeDriver safe.
ChromeDriver was started successfully.
Mar 30, 2022 4:47:21 AM org.openqa.selenium.remote.ProtocolHandshake createSession
INFO: Detected dialect: W3C
Mar 30, 2022 4:47:22 AM org.openqa.selenium.devtools.CdpVersionFinder findNearestMatch
WARNING: Unable to find an exact match for CDP version 99, so returning the closest version found: 97
Mar 30, 2022 4:47:22 AM org.openqa.selenium.devtools.CdpVersionFinder findNearestMatch
INFO: Found CDP implementation for version 99 of 97
Starting ChromeDriver 99.0.4844.51 (d537ec02474b5afe23684e7963d538896c63ac77-refs/branch-heads/4844@{#875}) on port 54018
Only local connections are allowed.
Please see https://chromedriver.chromium.org/security-considerations for suggestions on keeping ChromeDriver safe.
ChromeDriver was started successfully.
Mar 30, 2022 4:47:28 AM org.openqa.selenium.remote.ProtocolHandshake createSession
INFO: Detected dialect: W3C
Mar 30, 2022 4:47:28 AM org.openqa.selenium.devtools.CdpVersionFinder findNearestMatch
WARNING: Unable to find an exact match for CDP version 99, so returning the closest version found: 97
Mar 30, 2022 4:47:28 AM org.openqa.selenium.devtools.CdpVersionFinder findNearestMatch
INFO: Found CDP implementation for version 99 of 97
]]></system-err>
  </testcase>
  <testcase name="registerNewUser" classname="com.buggy.rating.automate.BuggyCarsRatingRegisterTest" time="1.128"/>
  <testcase name="loginWithNewUser" classname="com.buggy.rating.automate.BuggyCarsRatingRegisterTest" time="0.828"/>
  <testcase name="performLogin" classname="com.buggy.rating.automate.BuggyCarsRatingPageNavigationTest" time="1.128">
    <system-out><![CDATA[[INFO ] 2022-03-30 04:47:32,135 io.github.bonigarcia.wdm.WebDriverManager:1093 - Using chromedriver 99.0.4844.51 (resolved driver for Chrome 99)
[INFO ] 2022-03-30 04:47:32,155 io.github.bonigarcia.wdm.WebDriverManager:1148 - Exporting webdriver.chrome.driver as /Users/dharshana/.cache/selenium/chromedriver/mac64/99.0.4844.51/chromedriver
]]></system-out>
    <system-err><![CDATA[Starting ChromeDriver 99.0.4844.51 (d537ec02474b5afe23684e7963d538896c63ac77-refs/branch-heads/4844@{#875}) on port 63859
Only local connections are allowed.
Please see https://chromedriver.chromium.org/security-considerations for suggestions on keeping ChromeDriver safe.
ChromeDriver was started successfully.
Mar 30, 2022 4:47:34 AM org.openqa.selenium.remote.ProtocolHandshake createSession
INFO: Detected dialect: W3C
Mar 30, 2022 4:47:34 AM org.openqa.selenium.devtools.CdpVersionFinder findNearestMatch
WARNING: Unable to find an exact match for CDP version 99, so returning the closest version found: 97
Mar 30, 2022 4:47:34 AM org.openqa.selenium.devtools.CdpVersionFinder findNearestMatch
INFO: Found CDP implementation for version 99 of 97
]]></system-err>
  </testcase>
  <testcase name="navigateHomeFromOverallRatingPage" classname="com.buggy.rating.automate.BuggyCarsRatingPageNavigationTest" time="1.276"/>
  <testcase name="navigateHomeFromPopularMakePage" classname="com.buggy.rating.automate.BuggyCarsRatingPageNavigationTest" time="106.058">
    <failure message="Expected condition failed: waiting for visibility of element located by By.xpath: //my-home/div/div[1]/div/h2 (tried for 100 second(s) with 500 milliseconds interval)&#10;Build info: version: &apos;4.1.2&apos;, revision: &apos;9a5a329c5a&apos;&#10;System info: host: &apos;Admins-MacBook-Pro.local&apos;, ip: &apos;fe80:0:0:0:4d1:f41e:1fd3:72b2%en0&apos;, os.name: &apos;Mac OS X&apos;, os.arch: &apos;x86_64&apos;, os.version: &apos;10.16&apos;, java.version: &apos;11.0.7&apos;&#10;Driver info: org.openqa.selenium.chrome.ChromeDriver&#10;Capabilities {acceptInsecureCerts: false, browserName: chrome, browserVersion: 99.0.4844.83, chrome: {chromedriverVersion: 99.0.4844.51 (d537ec02474b5..., userDataDir: /var/folders/2t/22ll6rh5657...}, goog:chromeOptions: {debuggerAddress: localhost:52325}, javascriptEnabled: true, networkConnectionEnabled: false, pageLoadStrategy: normal, platform: MAC, platformName: MAC, proxy: Proxy(), se:cdp: ws://localhost:52325/devtoo..., se:cdpVersion: 99.0.4844.83, setWindowRect: true, strictFileInteractability: false, timeouts: {implicit: 0, pageLoad: 300000, script: 30000}, unhandledPromptBehavior: dismiss and notify, webauthn:extension:credBlob: true, webauthn:extension:largeBlob: true, webauthn:virtualAuthenticators: true}&#10;Session ID: 127a93cc0425df04f4cc3f79cfbf39e1" type="org.openqa.selenium.TimeoutException"><![CDATA[org.openqa.selenium.TimeoutException: 
Expected condition failed: waiting for visibility of element located by By.xpath: //my-home/div/div[1]/div/h2 (tried for 100 second(s) with 500 milliseconds interval)
Build info: version: '4.1.2', revision: '9a5a329c5a'
System info: host: 'Admins-MacBook-Pro.local', ip: 'fe80:0:0:0:4d1:f41e:1fd3:72b2%en0', os.name: 'Mac OS X', os.arch: 'x86_64', os.version: '10.16', java.version: '11.0.7'
Driver info: org.openqa.selenium.chrome.ChromeDriver
Capabilities {acceptInsecureCerts: false, browserName: chrome, browserVersion: 99.0.4844.83, chrome: {chromedriverVersion: 99.0.4844.51 (d537ec02474b5..., userDataDir: /var/folders/2t/22ll6rh5657...}, goog:chromeOptions: {debuggerAddress: localhost:52325}, javascriptEnabled: true, networkConnectionEnabled: false, pageLoadStrategy: normal, platform: MAC, platformName: MAC, proxy: Proxy(), se:cdp: ws://localhost:52325/devtoo..., se:cdpVersion: 99.0.4844.83, setWindowRect: true, strictFileInteractability: false, timeouts: {implicit: 0, pageLoad: 300000, script: 30000}, unhandledPromptBehavior: dismiss and notify, webauthn:extension:credBlob: true, webauthn:extension:largeBlob: true, webauthn:virtualAuthenticators: true}
Session ID: 127a93cc0425df04f4cc3f79cfbf39e1
	at com.buggy.rating.automate.BuggyCarsRatingPageNavigationTest.navigateHomeFromPopularMakePage(BuggyCarsRatingPageNavigationTest.java:57)
]]></failure>
  </testcase>
  <testcase name="navigateHomeFromProfilePage" classname="com.buggy.rating.automate.BuggyCarsRatingPageNavigationTest" time="0.713"/>
  <testcase name="performLogin" classname="com.buggy.rating.automate.BuggyCarsRatingLoginTest" time="1.216">
    <system-out><![CDATA[[INFO ] 2022-03-30 04:49:24,925 io.github.bonigarcia.wdm.WebDriverManager:1093 - Using chromedriver 99.0.4844.51 (resolved driver for Chrome 99)
[INFO ] 2022-03-30 04:49:24,947 io.github.bonigarcia.wdm.WebDriverManager:1148 - Exporting webdriver.chrome.driver as /Users/dharshana/.cache/selenium/chromedriver/mac64/99.0.4844.51/chromedriver
]]></system-out>
    <system-err><![CDATA[Starting ChromeDriver 99.0.4844.51 (d537ec02474b5afe23684e7963d538896c63ac77-refs/branch-heads/4844@{#875}) on port 54814
Only local connections are allowed.
Please see https://chromedriver.chromium.org/security-considerations for suggestions on keeping ChromeDriver safe.
ChromeDriver was started successfully.
Mar 30, 2022 4:49:27 AM org.openqa.selenium.remote.ProtocolHandshake createSession
INFO: Detected dialect: W3C
Mar 30, 2022 4:49:27 AM org.openqa.selenium.devtools.CdpVersionFinder findNearestMatch
WARNING: Unable to find an exact match for CDP version 99, so returning the closest version found: 97
Mar 30, 2022 4:49:27 AM org.openqa.selenium.devtools.CdpVersionFinder findNearestMatch
INFO: Found CDP implementation for version 99 of 97
]]></system-err>
  </testcase>
  <testcase name="navigateToRegisterPage" classname="com.buggy.rating.automate.BuggyCarsRatingVotingTest" time="0.214"/>
  <testcase name="registerNewUser" classname="com.buggy.rating.automate.BuggyCarsRatingVotingTest" time="1.024"/>
  <testcase name="loginWithNewUser" classname="com.buggy.rating.automate.BuggyCarsRatingVotingTest" time="0.861"/>
  <testcase name="voteACar" classname="com.buggy.rating.automate.BuggyCarsRatingVotingTest" time="2.134"/>
  <testcase name="loginWithUser" classname="com.buggy.rating.automate.BuggyCarsRatingAdditionalInfoChangeTest" time="1.142">
    <system-out><![CDATA[[INFO ] 2022-03-30 04:49:35,451 io.github.bonigarcia.wdm.WebDriverManager:1093 - Using chromedriver 99.0.4844.51 (resolved driver for Chrome 99)
[INFO ] 2022-03-30 04:49:35,470 io.github.bonigarcia.wdm.WebDriverManager:1148 - Exporting webdriver.chrome.driver as /Users/dharshana/.cache/selenium/chromedriver/mac64/99.0.4844.51/chromedriver
]]></system-out>
    <system-err><![CDATA[Starting ChromeDriver 99.0.4844.51 (d537ec02474b5afe23684e7963d538896c63ac77-refs/branch-heads/4844@{#875}) on port 64627
Only local connections are allowed.
Please see https://chromedriver.chromium.org/security-considerations for suggestions on keeping ChromeDriver safe.
ChromeDriver was started successfully.
Mar 30, 2022 4:49:37 AM org.openqa.selenium.remote.ProtocolHandshake createSession
INFO: Detected dialect: W3C
Mar 30, 2022 4:49:37 AM org.openqa.selenium.devtools.CdpVersionFinder findNearestMatch
WARNING: Unable to find an exact match for CDP version 99, so returning the closest version found: 97
Mar 30, 2022 4:49:37 AM org.openqa.selenium.devtools.CdpVersionFinder findNearestMatch
INFO: Found CDP implementation for version 99 of 97
]]></system-err>
  </testcase>
  <testcase name="fillAdditionalInfo" classname="com.buggy.rating.automate.BuggyCarsRatingAdditionalInfoChangeTest" time="0.259">
    <failure message="com/buggy/rating/automate/beans/BasicInfoBean" type="java.lang.NoClassDefFoundError"><![CDATA[java.lang.NoClassDefFoundError: com/buggy/rating/automate/beans/BasicInfoBean
	at com.buggy.rating.automate.BuggyCarsRatingAdditionalInfoChangeTest.fillAdditionalInfo(BuggyCarsRatingAdditionalInfoChangeTest.java:46)
Caused by: java.lang.ClassNotFoundException: com.buggy.rating.automate.beans.BasicInfoBean
	at com.buggy.rating.automate.BuggyCarsRatingAdditionalInfoChangeTest.fillAdditionalInfo(BuggyCarsRatingAdditionalInfoChangeTest.java:46)
]]></failure>
  </testcase>
</testsuite>